

> web@0.0.1 build /Users/ianthompson/Documents/code/turbo-tests/final-test/apps/web
> vite build

[36mvite v6.1.1 [32mbuilding SSR bundle for production...[36m[39m
[2K[1Gtransforming (1) [2m../../node_modules/.pnpm/@sveltejs+kit@2[2K[1Gtransforming (56) [2m../../node_modules/.pnpm/flowbite-svelt[2K[1Gtransforming (78) [2m../../node_modules/.pnpm/flowbite-svelt[2K[1Gtransforming (113) [2m../../node_modules/.pnpm/flowbite-svel[2K[1Gtransforming (214) [2m../../node_modules/.pnpm/apexcharts@3.[2K[1Gtransforming (257) [2m../../node_modules/.pnpm/flowbite-svel[2K[1G[2K[1G[2K[1G[2K[1G[2K[1G[2K[1G[2K[1G[2K[1G[2K[1G[2K[1G[2K[1G[2K[1G[2K[1G[2K[1G[2K[1G[2K[1G[2K[1G[2K[1G[2K[1G[2K[1G[32m✓[39m 350 modules transformed.
[2K[1Grendering chunks (1)...[2K[1Grendering chunks (2)...[2K[1Grendering chunks (3)...[2K[1Grendering chunks (4)...[2K[1Grendering chunks (5)...[2K[1Grendering chunks (6)...[2K[1Grendering chunks (7)...[2K[1Grendering chunks (8)...[2K[1Grendering chunks (9)...[2K[1G[36mvite v6.1.1 [32mbuilding for production...[36m[39m
[2K[1Gtransforming (1) [2m.svelte-kit/generated/client-optimized/a[2K[1Gtransforming (116) [2m../../node_modules/.pnpm/flowbite-svel[2K[1Gtransforming (175) [2m../../node_modules/.pnpm/flowbite-svel[2K[1Gtransforming (263) [2m../../node_modules/.pnpm/flowbite-svel[2K[1G[2K[1G[2K[1G[2K[1G[2K[1G[2K[1G[2K[1G[2K[1G[2K[1G[2K[1G[2K[1G[2K[1G[2K[1G[2K[1G[2K[1G[2K[1G[2K[1G[2K[1G[32m✓[39m 321 modules transformed.
[2K[1Grendering chunks (1)...[2K[1Grendering chunks (2)...[2K[1Grendering chunks (3)...[2K[1Grendering chunks (4)...[2K[1Grendering chunks (5)...[2K[1Grendering chunks (6)...[2K[1Grendering chunks (7)...[2K[1Grendering chunks (8)...[2K[1Grendering chunks (9)...[2K[1Grendering chunks (10)...[2K[1Grendering chunks (11)...[2K[1Grendering chunks (12)...[2K[1Grendering chunks (13)...[2K[1G[2K[1Gcomputing gzip size (0)...[2K[1Gcomputing gzip size (1)...[2K[1Gcomputing gzip size (2)...[2K[1Gcomputing gzip size (3)...[2K[1Gcomputing gzip size (4)...[2K[1Gcomputing gzip size (5)...[2K[1Gcomputing gzip size (6)...[2K[1Gcomputing gzip size (7)...[2K[1Gcomputing gzip size (8)...[2K[1Gcomputing gzip size (9)...[2K[1Gcomputing gzip size (10)...[2K[1Gcomputing gzip size (11)...[2K[1Gcomputing gzip size (12)...[2K[1Gcomputing gzip size (13)...[2K[1Gcomputing gzip size (14)...[2K[1Gcomputing gzip size (15)...[2K[1Gcomputing gzip size (16)...[2K[1G[2m.svelte-kit/output/client/[22m[32m_app/version.json                       [39m[1m[2m 0.03 kB[22m[1m[22m[2m │ gzip:  0.05 kB[22m
[2m.svelte-kit/output/client/[22m[32m.vite/manifest.json                     [39m[1m[2m 3.47 kB[22m[1m[22m[2m │ gzip:  0.69 kB[22m
[2m.svelte-kit/output/client/[22m[35m_app/immutable/assets/0.DTERkFaM.css    [39m[1m[2m 5.37 kB[22m[1m[22m[2m │ gzip:  1.59 kB[22m
[2m.svelte-kit/output/client/[22m[36m_app/immutable/entry/start.D6tC30Y8.js  [39m[1m[2m 0.06 kB[22m[1m[22m[2m │ gzip:  0.08 kB[22m
[2m.svelte-kit/output/client/[22m[36m_app/immutable/chunks/DUT70XQc.js       [39m[1m[2m 0.20 kB[22m[1m[22m[2m │ gzip:  0.17 kB[22m
[2m.svelte-kit/output/client/[22m[36m_app/immutable/nodes/0.DVoyqMFr.js      [39m[1m[2m 0.22 kB[22m[1m[22m[2m │ gzip:  0.17 kB[22m
[2m.svelte-kit/output/client/[22m[36m_app/immutable/chunks/B9xQ2J3j.js       [39m[1m[2m 0.53 kB[22m[1m[22m[2m │ gzip:  0.33 kB[22m
[2m.svelte-kit/output/client/[22m[36m_app/immutable/nodes/1.CnjbL97s.js      [39m[1m[2m 0.59 kB[22m[1m[22m[2m │ gzip:  0.37 kB[22m
[2m.svelte-kit/output/client/[22m[36m_app/immutable/chunks/DdAs0VfJ.js       [39m[1m[2m 0.59 kB[22m[1m[22m[2m │ gzip:  0.38 kB[22m
[2m.svelte-kit/output/client/[22m[36m_app/immutable/chunks/jj5giMUG.js       [39m[1m[2m 1.32 kB[22m[1m[22m[2m │ gzip:  0.68 kB[22m
[2m.svelte-kit/output/client/[22m[36m_app/immutable/chunks/DysElrJZ.js       [39m[1m[2m 3.97 kB[22m[1m[22m[2m │ gzip:  1.95 kB[22m
[2m.svelte-kit/output/client/[22m[36m_app/immutable/chunks/Dgmjc8W2.js       [39m[1m[2m 5.00 kB[22m[1m[22m[2m │ gzip:  2.15 kB[22m
[2m.svelte-kit/output/client/[22m[36m_app/immutable/entry/app.CoTkynIB.js    [39m[1m[2m 5.99 kB[22m[1m[22m[2m │ gzip:  2.82 kB[22m
[2m.svelte-kit/output/client/[22m[36m_app/immutable/chunks/CLU6kasy.js       [39m[1m[2m13.26 kB[22m[1m[22m[2m │ gzip:  5.39 kB[22m
[2m.svelte-kit/output/client/[22m[36m_app/immutable/chunks/B77APhoP.js       [39m[1m[2m32.03 kB[22m[1m[22m[2m │ gzip: 12.48 kB[22m
[2m.svelte-kit/output/client/[22m[36m_app/immutable/nodes/2.Bcs3zdYf.js      [39m[1m[2m37.40 kB[22m[1m[22m[2m │ gzip: 13.26 kB[22m
[32m✓ built in 648ms[39m
[2K[1G[2m.svelte-kit/output/server/[22m[32m.vite/manifest.json                         [39m[1m[2m  2.35 kB[22m[1m[22m
[2m.svelte-kit/output/server/[22m[35m_app/immutable/assets/_layout.DTERkFaM.css  [39m[1m[2m  5.37 kB[22m[1m[22m
[2m.svelte-kit/output/server/[22m[36mentries/pages/_layout.svelte.js             [39m[1m[2m  0.16 kB[22m[1m[22m
[2m.svelte-kit/output/server/[22m[36minternal.js                                 [39m[1m[2m  0.31 kB[22m[1m[22m
[2m.svelte-kit/output/server/[22m[36mchunks/equality.js                          [39m[1m[2m  0.33 kB[22m[1m[22m
[2m.svelte-kit/output/server/[22m[36mentries/fallbacks/error.svelte.js           [39m[1m[2m  1.42 kB[22m[1m[22m
[2m.svelte-kit/output/server/[22m[36mchunks/exports.js                           [39m[1m[2m  6.90 kB[22m[1m[22m
[2m.svelte-kit/output/server/[22m[36mchunks/index.js                             [39m[1m[2m  8.14 kB[22m[1m[22m
[2m.svelte-kit/output/server/[22m[36mchunks/internal.js                          [39m[1m[2m 41.86 kB[22m[1m[22m
[2m.svelte-kit/output/server/[22m[36mentries/pages/_page.svelte.js               [39m[1m[2m 85.18 kB[22m[1m[22m
[2m.svelte-kit/output/server/[22m[36mindex.js                                    [39m[1m[2m126.21 kB[22m[1m[22m
[32m✓ built in 1.85s[39m

Run [1m[36mnpm run preview[22m[39m to preview your production build locally.
[1m[36m
> Using @sveltejs/adapter-auto[22m[39m
  [1m[33mCould not detect a supported production environment. See https://svelte.dev/docs/kit/adapters to learn how to configure your app to run on the platform of your choosing[22m[39m
  [32m✔ done[39m
